-------------------------------------------------------------------------------
Test set: TestSuite
-------------------------------------------------------------------------------
Tests run: 1, Failures: 1, Errors: 0, Skipped: 0, Time elapsed: 5.771 s <<< FAILURE! - in TestSuite
SetUp(com.maven.BaseClass)  Time elapsed: 0.044 s  <<< FAILURE!
java.lang.NoClassDefFoundError: org/openqa/selenium/remote/SessionNotFoundException
	at com.maven.BaseClass.SetUp(BaseClass.java:20)
Caused by: java.lang.ClassNotFoundException: org.openqa.selenium.remote.SessionNotFoundException
	at com.maven.BaseClass.SetUp(BaseClass.java:20)

